<?xml version="1.0" encoding="UTF-8"?>
<!-- Generated by org.testng.reporters.JUnitXMLReporter -->
<testsuite ignored="0" hostname="BAGHBAN" failures="1" tests="1" name="openCartTestsByFirefox" time="25.147" errors="0" timestamp="2023-02-28T11:59:31 PST">
  <testcase classname="testCases.TC_001_AccountRegistration" name="test_Account_Registration" time="17.049">
    <failure type="java.lang.AssertionError" message="expected [Your Account Has Been Created!] but found [Unable to locate element: //h1[normalize-space()=&amp;apos;Your Account Has Been Created!&amp;apos;]
For documentation on this error, please visit: https://selenium.dev/exceptions/#no_such_element
Build info: version: &amp;apos;4.8.1&amp;apos;, revision: &amp;apos;8ebccac989&amp;apos;
System info: os.name: &amp;apos;Windows 11&amp;apos;, os.arch: &amp;apos;amd64&amp;apos;, os.version: &amp;apos;10.0&amp;apos;, java.version: &amp;apos;17.0.5&amp;apos;
Driver info: org.openqa.selenium.firefox.FirefoxDriver
Command: [b021dde9-5b22-4623-9219-fa2645c5ac4f, findElement {using=xpath, value=//h1[normalize-space()=&amp;apos;Your Account Has Been Created!&amp;apos;]}]
Capabilities {acceptInsecureCerts: true, browserName: firefox, browserVersion: 110.0, moz:accessibilityChecks: false, moz:buildID: 20230214051806, moz:debuggerAddress: 127.0.0.1:25940, moz:geckodriverVersion: 0.32.2, moz:headless: false, moz:platformVersion: 10.0, moz:processID: 5460, moz:profile: C:\Users\towfi\AppData\Loca..., moz:shutdownTimeout: 60000, moz:useNonSpecCompliantPointerOrigin: false, moz:webdriverClick: true, moz:windowless: false, pageLoadStrategy: normal, platformName: WINDOWS, proxy: Proxy(), se:cdp: ws://127.0.0.1:25940/devtoo..., se:cdpVersion: 85.0, setWindowRect: true, strictFileInteractability: false, timeouts: {implicit: 0, pageLoad: 300000, script: 30000}, unhandledPromptBehavior: dismiss and notify}
Session ID: b021dde9-5b22-4623-9219-fa2645c5ac4f]">
      <![CDATA[java.lang.AssertionError: expected [Your Account Has Been Created!] but found [Unable to locate element: //h1[normalize-space()='Your Account Has Been Created!']
For documentation on this error, please visit: https://selenium.dev/exceptions/#no_such_element
Build info: version: '4.8.1', revision: '8ebccac989'
System info: os.name: 'Windows 11', os.arch: 'amd64', os.version: '10.0', java.version: '17.0.5'
Driver info: org.openqa.selenium.firefox.FirefoxDriver
Command: [b021dde9-5b22-4623-9219-fa2645c5ac4f, findElement {using=xpath, value=//h1[normalize-space()='Your Account Has Been Created!']}]
Capabilities {acceptInsecureCerts: true, browserName: firefox, browserVersion: 110.0, moz:accessibilityChecks: false, moz:buildID: 20230214051806, moz:debuggerAddress: 127.0.0.1:25940, moz:geckodriverVersion: 0.32.2, moz:headless: false, moz:platformVersion: 10.0, moz:processID: 5460, moz:profile: C:\Users\towfi\AppData\Loca..., moz:shutdownTimeout: 60000, moz:useNonSpecCompliantPointerOrigin: false, moz:webdriverClick: true, moz:windowless: false, pageLoadStrategy: normal, platformName: WINDOWS, proxy: Proxy(), se:cdp: ws://127.0.0.1:25940/devtoo..., se:cdpVersion: 85.0, setWindowRect: true, strictFileInteractability: false, timeouts: {implicit: 0, pageLoad: 300000, script: 30000}, unhandledPromptBehavior: dismiss and notify}
Session ID: b021dde9-5b22-4623-9219-fa2645c5ac4f]
at testCases.TC_001_AccountRegistration.test_Account_Registration(TC_001_AccountRegistration.java:46)
at java.base/java.util.ArrayList.forEach(ArrayList.java:1511)
at java.base/java.util.concurrent.FutureTask.run(FutureTask.java:264)
at java.base/java.util.concurrent.ThreadPoolExecutor.runWorker(ThreadPoolExecutor.java:1136)
at java.base/java.util.concurrent.ThreadPoolExecutor$Worker.run(ThreadPoolExecutor.java:635)
at java.base/java.lang.Thread.run(Thread.java:833)
... Removed 24 stack frames]]>
    </failure>
  </testcase> <!-- test_Account_Registration -->
</testsuite> <!-- openCartTestsByFirefox -->
